C:\HELIOSCAN\TOOLS\FIBERSCOPE_RK110722\FIBERSCOPE_SUPPORT_DLL\DEBUG\FIBERSCOPE_SUPPORT_DLL.DLL
C:\helioscan\tools\Fiberscope_RK110722\Fiberscope_support_dll\Debug\Fiberscope_support_dll.exp
C:\HELIOSCAN\TOOLS\FIBERSCOPE_RK110722\FIBERSCOPE_SUPPORT_DLL\DEBUG\FIBERSCOPE_SUPPORT_DLL.ILK
C:\helioscan\tools\Fiberscope_RK110722\Fiberscope_support_dll\Debug\Fiberscope_support_dll.lib
C:\HELIOSCAN\TOOLS\FIBERSCOPE_RK110722\FIBERSCOPE_SUPPORT_DLL\DEBUG\FIBERSCOPE_SUPPORT_DLL.PDB
C:\helioscan\tools\Fiberscope_RK110722\Fiberscope_support_dll\Fiberscope_support_dll\Debug\cl.command.1.tlog
C:\helioscan\tools\Fiberscope_RK110722\Fiberscope_support_dll\Fiberscope_support_dll\Debug\CL.read.1.tlog
C:\helioscan\tools\Fiberscope_RK110722\Fiberscope_support_dll\Fiberscope_support_dll\Debug\CL.write.1.tlog
C:\HELIOSCAN\TOOLS\FIBERSCOPE_RK110722\FIBERSCOPE_SUPPORT_DLL\FIBERSCOPE_SUPPORT_DLL\DEBUG\DLLMAIN.OBJ
C:\HELIOSCAN\TOOLS\FIBERSCOPE_RK110722\FIBERSCOPE_SUPPORT_DLL\FIBERSCOPE_SUPPORT_DLL\DEBUG\FIBERSCOPE_SUPPORT_DLL.DLL.EMBED.MANIFEST
C:\HELIOSCAN\TOOLS\FIBERSCOPE_RK110722\FIBERSCOPE_SUPPORT_DLL\FIBERSCOPE_SUPPORT_DLL\DEBUG\FIBERSCOPE_SUPPORT_DLL.DLL.EMBED.MANIFEST.RES
C:\HELIOSCAN\TOOLS\FIBERSCOPE_RK110722\FIBERSCOPE_SUPPORT_DLL\FIBERSCOPE_SUPPORT_DLL\DEBUG\FIBERSCOPE_SUPPORT_DLL.DLL.INTERMEDIATE.MANIFEST
C:\HELIOSCAN\TOOLS\FIBERSCOPE_RK110722\FIBERSCOPE_SUPPORT_DLL\FIBERSCOPE_SUPPORT_DLL\DEBUG\FIBERSCOPE_SUPPORT_DLL.OBJ
C:\HELIOSCAN\TOOLS\FIBERSCOPE_RK110722\FIBERSCOPE_SUPPORT_DLL\FIBERSCOPE_SUPPORT_DLL\DEBUG\FIBERSCOPE_SUPPORT_DLL.PCH
C:\helioscan\tools\Fiberscope_RK110722\Fiberscope_support_dll\Fiberscope_support_dll\Debug\Fiberscope_support_dll.write.1.tlog
C:\helioscan\tools\Fiberscope_RK110722\Fiberscope_support_dll\Fiberscope_support_dll\Debug\Fiberscope_support_dll_manifest.rc
C:\helioscan\tools\Fiberscope_RK110722\Fiberscope_support_dll\Fiberscope_support_dll\Debug\link.4324.read.1.tlog
C:\helioscan\tools\Fiberscope_RK110722\Fiberscope_support_dll\Fiberscope_support_dll\Debug\link.4324.write.1.tlog
C:\helioscan\tools\Fiberscope_RK110722\Fiberscope_support_dll\Fiberscope_support_dll\Debug\link.4324-cvtres.read.1.tlog
C:\helioscan\tools\Fiberscope_RK110722\Fiberscope_support_dll\Fiberscope_support_dll\Debug\link.4324-cvtres.write.1.tlog
C:\helioscan\tools\Fiberscope_RK110722\Fiberscope_support_dll\Fiberscope_support_dll\Debug\link.command.1.tlog
C:\helioscan\tools\Fiberscope_RK110722\Fiberscope_support_dll\Fiberscope_support_dll\Debug\link.read.1.tlog
C:\helioscan\tools\Fiberscope_RK110722\Fiberscope_support_dll\Fiberscope_support_dll\Debug\link.write.1.tlog
C:\helioscan\tools\Fiberscope_RK110722\Fiberscope_support_dll\Fiberscope_support_dll\Debug\link-cvtres.read.1.tlog
C:\helioscan\tools\Fiberscope_RK110722\Fiberscope_support_dll\Fiberscope_support_dll\Debug\link-cvtres.write.1.tlog
C:\helioscan\tools\Fiberscope_RK110722\Fiberscope_support_dll\Fiberscope_support_dll\Debug\mt.command.1.tlog
C:\helioscan\tools\Fiberscope_RK110722\Fiberscope_support_dll\Fiberscope_support_dll\Debug\mt.read.1.tlog
C:\helioscan\tools\Fiberscope_RK110722\Fiberscope_support_dll\Fiberscope_support_dll\Debug\mt.write.1.tlog
C:\helioscan\tools\Fiberscope_RK110722\Fiberscope_support_dll\Fiberscope_support_dll\Debug\rc.command.1.tlog
C:\helioscan\tools\Fiberscope_RK110722\Fiberscope_support_dll\Fiberscope_support_dll\Debug\rc.read.1.tlog
C:\helioscan\tools\Fiberscope_RK110722\Fiberscope_support_dll\Fiberscope_support_dll\Debug\rc.write.1.tlog
C:\HELIOSCAN\TOOLS\FIBERSCOPE_RK110722\FIBERSCOPE_SUPPORT_DLL\FIBERSCOPE_SUPPORT_DLL\DEBUG\STDAFX.OBJ
C:\helioscan\tools\Fiberscope_RK110722\Fiberscope_support_dll\Fiberscope_support_dll\Debug\vc100.idb
C:\HELIOSCAN\TOOLS\FIBERSCOPE_RK110722\FIBERSCOPE_SUPPORT_DLL\FIBERSCOPE_SUPPORT_DLL\DEBUG\VC100.PDB
