Build started 14.06.2012 14:25:07.
     1>Project "C:\HelioScan_git\common\libraries\TIFFManagement\VisualCPP\TIFFManagement\TIFFManagement.vcxproj" on node 2 (build target(s)).
     1>InitializeBuildStatus:
         Creating "Release\TIFFManagement.unsuccessfulbuild" because "AlwaysCreate" was specified.
       ClCompile:
         All outputs are up-to-date.
         C:\Program Files\Microsoft Visual Studio 10.0\VC\bin\CL.exe /c /I"C:\Program Files\GnuWin32\include" /Zi /nologo /W3 /WX- /O2 /Oi /Oy- /GL /D WIN32 /D NDEBUG /D _WINDOWS /D _USRDLL /D TIFFMANAGEMENT_EXPORTS /D _WINDLL /D _UNICODE /D UNICODE /Gm- /EHsc /MT /GS /Gy /fp:precise /Zc:wchar_t /Zc:forScope /Yc"StdAfx.h" /Fp"Release\TIFFManagement.pch" /Fo"Release\\" /Fd"Release\vc100.pdb" /Gd /TP /analyze- /errorReport:prompt stdafx.cpp
         stdafx.cpp
         All outputs are up-to-date.
         C:\Program Files\Microsoft Visual Studio 10.0\VC\bin\CL.exe /c /I"C:\Program Files\GnuWin32\include" /Zi /nologo /W3 /WX- /O2 /Oi /Oy- /GL /D WIN32 /D NDEBUG /D _WINDOWS /D _USRDLL /D TIFFMANAGEMENT_EXPORTS /D _WINDLL /D _UNICODE /D UNICODE /Gm- /EHsc /MT /GS /Gy /fp:precise /Zc:wchar_t /Zc:forScope /Fo"Release\\" /Fd"Release\vc100.pdb" /Gd /TP /analyze- /errorReport:prompt dllmain.cpp
         dllmain.cpp
         C:\Program Files\Microsoft Visual Studio 10.0\VC\bin\CL.exe /c /I"C:\Program Files\GnuWin32\include" /Zi /nologo /W3 /WX- /O2 /Oi /Oy- /GL /D WIN32 /D NDEBUG /D _WINDOWS /D _USRDLL /D TIFFMANAGEMENT_EXPORTS /D _WINDLL /D _UNICODE /D UNICODE /Gm- /EHsc /MT /GS /Gy /fp:precise /Zc:wchar_t /Zc:forScope /Yu"StdAfx.h" /Fp"Release\TIFFManagement.pch" /Fo"Release\\" /Fd"Release\vc100.pdb" /Gd /TP /analyze- /errorReport:prompt TIFFManagement.cpp
         TIFFManagement.cpp
     1>TIFFManagement.cpp(25): warning C4996: 'strcpy': This function or variable may be unsafe. Consider using strcpy_s instead. To disable deprecation, use _CRT_SECURE_NO_WARNINGS. See online help for details.
                 C:\Program Files\Microsoft Visual Studio 10.0\VC\include\string.h(105) : see declaration of 'strcpy'
     1>TIFFManagement.cpp(270): warning C4996: 'strtok': This function or variable may be unsafe. Consider using strtok_s instead. To disable deprecation, use _CRT_SECURE_NO_WARNINGS. See online help for details.
                 C:\Program Files\Microsoft Visual Studio 10.0\VC\include\string.h(197) : see declaration of 'strtok'
     1>TIFFManagement.cpp(271): warning C4996: 'strtok': This function or variable may be unsafe. Consider using strtok_s instead. To disable deprecation, use _CRT_SECURE_NO_WARNINGS. See online help for details.
                 C:\Program Files\Microsoft Visual Studio 10.0\VC\include\string.h(197) : see declaration of 'strtok'
     1>TIFFManagement.cpp(272): warning C4996: 'strtok': This function or variable may be unsafe. Consider using strtok_s instead. To disable deprecation, use _CRT_SECURE_NO_WARNINGS. See online help for details.
                 C:\Program Files\Microsoft Visual Studio 10.0\VC\include\string.h(197) : see declaration of 'strtok'
     1>TIFFManagement.cpp(273): warning C4996: 'strtok': This function or variable may be unsafe. Consider using strtok_s instead. To disable deprecation, use _CRT_SECURE_NO_WARNINGS. See online help for details.
                 C:\Program Files\Microsoft Visual Studio 10.0\VC\include\string.h(197) : see declaration of 'strtok'
       Link:
         C:\Program Files\Microsoft Visual Studio 10.0\VC\bin\link.exe /ERRORREPORT:PROMPT /OUT:"C:\HelioScan_git\common\libraries\TIFFManagement\VisualCPP\Release\TIFFManagement.dll" /INCREMENTAL:NO /NOLOGO /LIBPATH:"C:\Program Files\GnuWin32\lib" libtiff.lib kernel32.lib user32.lib gdi32.lib winspool.lib comdlg32.lib advapi32.lib shell32.lib ole32.lib oleaut32.lib uuid.lib odbc32.lib odbccp32.lib /MANIFEST /ManifestFile:"Release\TIFFManagement.dll.intermediate.manifest" /MANIFESTUAC:"level='asInvoker' uiAccess='false'" /DEBUG /PDB:"C:\HelioScan_git\common\libraries\TIFFManagement\VisualCPP\Release\TIFFManagement.pdb" /SUBSYSTEM:WINDOWS /OPT:REF /OPT:ICF /LTCG /TLBID:1 /DYNAMICBASE /NXCOMPAT /IMPLIB:"C:\HelioScan_git\common\libraries\TIFFManagement\VisualCPP\Release\TIFFManagement.lib" /MACHINE:X86 /DLL Release\dllmain.obj
         Release\stdafx.obj
         Release\TIFFManagement.obj
            Creating library C:\HelioScan_git\common\libraries\TIFFManagement\VisualCPP\Release\TIFFManagement.lib and object C:\HelioScan_git\common\libraries\TIFFManagement\VisualCPP\Release\TIFFManagement.exp
         Generating code
         Finished generating code
         TIFFManagement.vcxproj -> C:\HelioScan_git\common\libraries\TIFFManagement\VisualCPP\Release\TIFFManagement.dll
       Manifest:
         C:\Program Files\Microsoft SDKs\Windows\v7.0A\bin\mt.exe /nologo /verbose /outputresource:"C:\HelioScan_git\common\libraries\TIFFManagement\VisualCPP\Release\TIFFManagement.dll;#2" /manifest Release\TIFFManagement.dll.intermediate.manifest
       FinalizeBuildStatus:
         Deleting file "Release\TIFFManagement.unsuccessfulbuild".
         Touching "Release\TIFFManagement.lastbuildstate".
     1>Done Building Project "C:\HelioScan_git\common\libraries\TIFFManagement\VisualCPP\TIFFManagement\TIFFManagement.vcxproj" (build target(s)).

Build succeeded.

Time Elapsed 00:00:04.81
